<?xml version="1.0" encoding="UTF-8"?>
<!-- Generated by org.testng.reporters.JUnitReportReporter -->
<testsuite hostname="SA-LT-1107" name="org.seleniumday1.Assignment1" tests="1" failures="0" timestamp="19 Aug 2017 05:50:33 GMT" time="12.001" errors="0">
  <testcase name="main" time="12.001" classname="org.seleniumday1.Assignment1"/>
</testsuite> <!-- org.seleniumday1.Assignment1 -->
