<?xml version="1.0" encoding="UTF-8"?>
<!-- Generated by org.testng.reporters.JUnitReportReporter -->
<testsuite hostname="SA-LT-1107" name="org.day8.TestNGDemo" tests="4" failures="0" timestamp="6 Aug 2017 06:24:49 GMT" time="0.015" errors="0">
  <testcase name="mehod2" time="0.001" classname="org.day8.TestNGDemo"/>
  <testcase name="main" time="0.012" classname="org.day8.TestNGDemo"/>
  <testcase name="mehod1" time="0.001" classname="org.day8.TestNGDemo"/>
  <testcase name="mehod3" time="0.001" classname="org.day8.TestNGDemo"/>
</testsuite> <!-- org.day8.TestNGDemo -->
